Script started on Fri Jan 21 23:15:57 2005

[m[27m[24m[J1 23:15 thierry %>[K[52Cws90bj:/usr/ports/shells/bush[81Dmmake configure
===>  Extracting for bush-1.0.1
=> Checksum OK for bush-1.0.1-src.tgz.
===>  Patching for bush-1.0.1
===>  Applying FreeBSD patches for bush-1.0.1
===>   bush-1.0.1 depends on executable: gnatmake - found
===>   bush-1.0.1 depends on executable: bash - found
===>   bush-1.0.1 depends on executable: gmake - found
===>   bush-1.0.1 depends on shared library: pq.3 - found
===>  Configuring for bush-1.0.1
Configuring BUSH...

checking for OS... FreeBSD/Intel
checking for gcc w/Ada (with gcc)... no
checking for gcc w/Ada (with gnatgcc)... gnatgcc: not found
no
checking for gcc w/Ada (with adagcc)... yes
checking for libgnat (ldconfig -p, Linux)... no
checking for libgnat (ldconfig -r, FreeBSD)... yes
checking for gmake... yes
BUSH is configured

Configuring third-party ADAVOX (AU/WAV Library)...

adavox library: checking for /dev/dsp... yes
ADAVOX library is configured

Configuring third-party APQ (Database Library)...
Running APQ's configure...

THIS IS A UNIX INSTALL:

   You are now ready to 'make'

APQ library is configured

Creating src/GNUmakefile...
Type gmake all
[m[27m[24m[J2 23:16 thierry %>[K[52Cws90bj:/usr/ports/shells/bush[81Dmmake
===>  Building for bush-1.0.1
gmake -C src
gmake[1]: Entering directory `/usr/ports/shells/bush/work/bush-1.0.1/src'
gcc -O -pipe -march=pentiumpro -Wall -c c_os.c

===============================================================
  BUSH - Business Shell
    Need help? Type make help
===============================================================

---------------------------------------------------------------
  Making AdaCGI
    http://www.dwheeler.com/adacgi
---------------------------------------------------------------

gmake -C adacgi-1.6
gmake[2]: Entering directory `/usr/ports/shells/bush/work/bush-1.0.1/src/adacgi-1.6'
gnatmake -q demo.adb
cgi.adb:764:03: warning: "Temp_Ptr" is never assigned a value
/usr/local/lib/gcc-lib/i386-unknown-freebsd5.3/2.8.1/adalib//libgnat.so: warning: warning: mktemp() possibly used unsafely; consider using mkstemp()
gnatmake -q minimal.adb
/usr/local/lib/gcc-lib/i386-unknown-freebsd5.3/2.8.1/adalib//libgnat.so: warning: warning: mktemp() possibly used unsafely; consider using mkstemp()
gnatmake -q search.adb
/usr/local/lib/gcc-lib/i386-unknown-freebsd5.3/2.8.1/adalib//libgnat.so: warning: warning: mktemp() possibly used unsafely; consider using mkstemp()
gnatmake -q test_cookie.adb
/usr/local/lib/gcc-lib/i386-unknown-freebsd5.3/2.8.1/adalib//libgnat.so: warning: warning: mktemp() possibly used unsafely; consider using mkstemp()
gnatmake -q test_send.adb
/usr/local/lib/gcc-lib/i386-unknown-freebsd5.3/2.8.1/adalib//libgnat.so: warning: warning: mktemp() possibly used unsafely; consider using mkstemp()
gnatmake -q test_encode.adb
/usr/local/lib/gcc-lib/i386-unknown-freebsd5.3/2.8.1/adalib//libgnat.so: warning: warning: mktemp() possibly used unsafely; consider using mkstemp()
gmake[2]: Leaving directory `/usr/ports/shells/bush/work/bush-1.0.1/src/adacgi-1.6'

---------------------------------------------------------------
  Making AdaVOX (Wav/AU Player)
    http://home.cogeco.ca/~ve3wwg
---------------------------------------------------------------

gmake -C ADAVOX-0.51
gmake[2]: Entering directory `/usr/ports/shells/bush/work/bush-1.0.1/src/ADAVOX-0.51'
(cd ./wc   ; gmake -w -- PTHREAD_LIBS=-pthread CPUTYPE=i686 GMAKE=gmake SYSTEMVERSION= PORTOBJFORMAT=elf OSVERSION=503100 OSREL=5.3 OPSYS=FreeBSD ARCH=i386 all)
gmake[3]: Entering directory `/usr/ports/shells/bush/work/bush-1.0.1/src/ADAVOX-0.51/wc'
gcc -O -pipe -march=pentiumpro -c -Wall -D`uname -s` -DRELEASE="\"`uname -r`\"" -DHARDWARE="\"`uname -m`\"" hostconst.c
hostconst.c: In function `main':
hostconst.c:233: warning: integer constant is too large for "long" type
gcc hostconst.o -o hostconst
./hostconst 1>wc-host.ads 2>wc-host.adb
gcc -O -pipe -march=pentiumpro -c -Wall -D`uname -s` -DRELEASE="\"`uname -r`\"" -DHARDWARE="\"`uname -m`\"" cglue.c
rm -f hostconst.o
gmake[3]: Leaving directory `/usr/ports/shells/bush/work/bush-1.0.1/src/ADAVOX-0.51/wc'
(cd ./main ; gmake -w -- PTHREAD_LIBS=-pthread CPUTYPE=i686 GMAKE=gmake SYSTEMVERSION= PORTOBJFORMAT=elf OSVERSION=503100 OSREL=5.3 OPSYS=FreeBSD ARCH=i386 INSTDIR=/usr/local/bin CPU=pentiumpro			 OPTZ= all)
gmake[3]: Entering directory `/usr/ports/shells/bush/work/bush-1.0.1/src/ADAVOX-0.51/main'
gnatmake -I../bc -I../wc -gnatf -gnato -gnata  -mpentiumpro adavox -largs ../wc/cglue.o
adagcc -c -I../bc -I../wc -gnatf -gnato -gnata -mpentiumpro adavox.adb
adagcc -c -I../bc -I../wc -gnatf -gnato -gnata -mpentiumpro main.adb
adagcc -c -I./ -I../bc -I../wc -gnatf -gnato -gnata -mpentiumpro -I- ../bc/bc.ads
adagcc -c -I./ -I../bc -I../wc -gnatf -gnato -gnata -mpentiumpro -I- ../bc/bc-containers.adb
adagcc -c -I./ -I../bc -I../wc -gnatf -gnato -gnata -mpentiumpro -I- ../bc/bc-containers-lists.ads
adagcc -c -I./ -I../bc -I../wc -gnatf -gnato -gnata -mpentiumpro -I- ../bc/bc-containers-lists-single.adb
adagcc -c -I./ -I../bc -I../wc -gnatf -gnato -gnata -mpentiumpro -I- ../wc/wc.ads
adagcc -c -I./ -I../bc -I../wc -gnatf -gnato -gnata -mpentiumpro -I- ../wc/wc-global_heap.ads
adagcc -c -I./ -I../bc -I../wc -gnatf -gnato -gnata -mpentiumpro -I- ../wc/wc-host.adb
adagcc -c -I./ -I../bc -I../wc -gnatf -gnato -gnata -mpentiumpro -I- ../wc/wc-host-glue.adb
adagcc -c -I./ -I../bc -I../wc -gnatf -gnato -gnata -mpentiumpro -I- ../wc/wc-pathname.adb
adagcc -c -I./ -I../bc -I../wc -gnatf -gnato -gnata -mpentiumpro -I- ../wc/wc-streams.ads
adagcc -c -I./ -I../bc -I../wc -gnatf -gnato -gnata -mpentiumpro -I- ../wc/wc-streams-au.adb
adagcc -c -I./ -I../bc -I../wc -gnatf -gnato -gnata -mpentiumpro -I- ../wc/wc-streams-audio.ads
adagcc -c -I./ -I../bc -I../wc -gnatf -gnato -gnata -mpentiumpro -I- ../wc/wc-streams-codec.adb
wc-streams-codec.adb:20:04: warning: insufficient -O value
adagcc -c -I./ -I../bc -I../wc -gnatf -gnato -gnata -mpentiumpro -I- ../wc/wc-streams-dsp.adb
adagcc -c -I./ -I../bc -I../wc -gnatf -gnato -gnata -mpentiumpro -I- ../wc/wc-streams-wave.adb
adagcc -c -I./ -I../bc -I../wc -gnatf -gnato -gnata -mpentiumpro -I- ../bc/bc-support.ads
adagcc -c -I./ -I../bc -I../wc -gnatf -gnato -gnata -mpentiumpro -I- ../bc/bc-support-exceptions.adb
adagcc -c -I./ -I../bc -I../wc -gnatf -gnato -gnata -mpentiumpro -I- ../bc/bc-support-nodes.adb
adagcc -c -I./ -I../bc -I../wc -gnatf -gnato -gnata -mpentiumpro -I- ../bc/bc-support-managed_storage.adb
adagcc -c -I./ -I../bc -I../wc -gnatf -gnato -gnata -mpentiumpro -I- ../wc/wc-streams-endian.adb
adagcc -c -I./ -I../bc -I../wc -gnatf -gnato -gnata -mpentiumpro -I- ../wc/wc-cints.adb
adagcc -c -I./ -I../bc -I../wc -gnatf -gnato -gnata -mpentiumpro -I- ../wc/wc-streams-io_buffer.adb
adagcc -c -I./ -I../bc -I../wc -gnatf -gnato -gnata -mpentiumpro -I- ../wc/wc-streams-buffer.adb
adagcc -c -I./ -I../bc -I../wc -gnatf -gnato -gnata -mpentiumpro -I- ../wc/wc-tree_nodes.adb
gnatbind -aO./ -aO../bc -aO../wc -I- -x adavox.ali
gnatlink ../wc/cglue.o adavox.ali
/usr/local/lib/gcc-lib/i386-unknown-freebsd5.3/2.8.1/adalib//libgnat.so: warning: warning: mktemp() possibly used unsafely; consider using mkstemp()
gmake[3]: Leaving directory `/usr/ports/shells/bush/work/bush-1.0.1/src/ADAVOX-0.51/main'
gmake[2]: Leaving directory `/usr/ports/shells/bush/work/bush-1.0.1/src/ADAVOX-0.51'

---------------------------------------------------------------
  Making APQ (PostgreSQL/MySQL DBI)
    http://home.cogeco.ca/~ve3wwg
---------------------------------------------------------------

gmake -C apq-2.1/
gmake[2]: Entering directory `/usr/ports/shells/bush/work/bush-1.0.1/src/apq-2.1'
chmod u+x mysql_xcr mysql_xcr2 mysql_xcr3 mysql_incl mysql_xty mysql_linker_options
./mysql_xcr >mysql_errmsg.h
cat: illegal option -- I
usage: cat [-benstuv] [file ...]
./mysql_xty >mysql_type_codes.h
./mysql_xty: cannot open -I/usr/local/include/mysql -O -pipe -march=pentiumpro/mysql_com.h: No such file or directory
gcc -Wall  -O0 -I/usr/local/include/mysql -O -pipe -march=pentiumpro mysql_generr.c -o mysql_generr
gcc -Wall  -O0 -I/usr/local/include/mysql -O -pipe -march=pentiumpro mysql_gentyp.c -o mysql_gentyp
gcc -Wall  -O0 -I/usr/local/include/mysql -O -pipe -march=pentiumpro mysqlopts.c -o mysql_opts
mysqlopts.c: In function `main':
mysqlopts.c:50: warning: implicit declaration of function `strlen'
./mysql_opts >opts.tmp
./mysql_generr | sort -k1,1n | ./mysql_xcr2 >gen.tmp
./mysql_gentyp | sort -k1,1n | ./mysql_xcr3
rm -f mysql_generr mysql_errmsg.h mysql_gentyp mysql_type_codes.h gen.tmp opts.tmp mysql_opts
gcc -c -Wall  -O0  -O0 -I/usr/local/include/mysql -O -pipe -march=pentiumpro c_mysql.c -o c_mysql.o
ADA_INCLUDE_PATH=. ADA_OBJECTS_PATH=. gnatmake -c -gnata -gnatf -gnato -gnatwp  -O0 comp_mysql
adagcc -c -gnata -gnatf -gnato -gnatwp -O0 comp_mysql.adb
apq-mysql.ads:35:24: identifier expected
apq-mysql.ads:37:23: aggregate may not have single positional component
apq-mysql.ads:37:24: missing operand
gnatmake: "comp_mysql.adb" compilation error
gmake[2]: *** [mysql1] Erreur 4
gmake[2]: Leaving directory `/usr/ports/shells/bush/work/bush-1.0.1/src/apq-2.1'
gmake[1]: *** [all] Erreur 2
gmake[1]: Leaving directory `/usr/ports/shells/bush/work/bush-1.0.1/src'
gmake: *** [all] Erreur 2
*** Error code 2

Stop in /usr/ports/shells/bush.
[m[27m[24m[J3 23:16 thierry %>[K[52Cws90bj:/usr/ports/shells/bush[81D

Script done on Fri Jan 21 23:19:44 2005
